<?xml version="1.0" encoding="UTF-8"?>
<testsuite name="backend.workshop.LoadInitData" tests="1" skipped="0" failures="0" errors="0" timestamp="2022-04-26T18:42:39" hostname="DESKTOP-IS6BJG7" time="0.518">
  <properties/>
  <testcase name="testUserFindAll()" classname="backend.workshop.LoadInitData" time="0.518"/>
  <system-out><![CDATA[12:42:34.015 [Test worker] DEBUG org.springframework.test.context.BootstrapUtils - Instantiating CacheAwareContextLoaderDelegate from class [org.springframework.test.context.cache.DefaultCacheAwareContextLoaderDelegate]
12:42:34.033 [Test worker] DEBUG org.springframework.test.context.BootstrapUtils - Instantiating BootstrapContext using constructor [public org.springframework.test.context.support.DefaultBootstrapContext(java.lang.Class,org.springframework.test.context.CacheAwareContextLoaderDelegate)]
12:42:34.088 [Test worker] DEBUG org.springframework.test.context.BootstrapUtils - Instantiating TestContextBootstrapper for test class [backend.workshop.LoadInitData] from class [org.springframework.boot.test.context.SpringBootTestContextBootstrapper]
12:42:34.105 [Test worker] INFO org.springframework.boot.test.context.SpringBootTestContextBootstrapper - Neither @ContextConfiguration nor @ContextHierarchy found for test class [backend.workshop.LoadInitData], using SpringBootContextLoader
12:42:34.112 [Test worker] DEBUG org.springframework.test.context.support.AbstractContextLoader - Did not detect default resource location for test class [backend.workshop.LoadInitData]: class path resource [backend/workshop/LoadInitData-context.xml] does not exist
12:42:34.112 [Test worker] DEBUG org.springframework.test.context.support.AbstractContextLoader - Did not detect default resource location for test class [backend.workshop.LoadInitData]: class path resource [backend/workshop/LoadInitDataContext.groovy] does not exist
12:42:34.112 [Test worker] INFO org.springframework.test.context.support.AbstractContextLoader - Could not detect default resource locations for test class [backend.workshop.LoadInitData]: no resource found for suffixes {-context.xml, Context.groovy}.
12:42:34.112 [Test worker] INFO org.springframework.test.context.support.AnnotationConfigContextLoaderUtils - Could not detect default configuration classes for test class [backend.workshop.LoadInitData]: LoadInitData does not declare any static, non-private, non-final, nested classes annotated with @Configuration.
12:42:34.168 [Test worker] DEBUG org.springframework.test.context.support.ActiveProfilesUtils - Could not find an 'annotation declaring class' for annotation type [org.springframework.test.context.ActiveProfiles] and class [backend.workshop.LoadInitData]
12:42:34.253 [Test worker] DEBUG org.springframework.context.annotation.ClassPathScanningCandidateComponentProvider - Identified candidate component class: file [C:\Users\arami\Desktop\I Ciclo 2022\Moviles\prueba\backend-app-bravo\backend-app-bravo\build\classes\kotlin\main\backend\workshop\BravoApp.class]
12:42:34.273 [Test worker] INFO org.springframework.boot.test.context.SpringBootTestContextBootstrapper - Found @SpringBootConfiguration backend.workshop.BravoApp for test class backend.workshop.LoadInitData
12:42:34.398 [Test worker] DEBUG org.springframework.boot.test.context.SpringBootTestContextBootstrapper - @TestExecutionListeners is not present for class [backend.workshop.LoadInitData]: using defaults.
12:42:34.399 [Test worker] INFO org.springframework.boot.test.context.SpringBootTestContextBootstrapper - Loaded default TestExecutionListener class names from location [META-INF/spring.factories]: [org.springframework.boot.test.autoconfigure.restdocs.RestDocsTestExecutionListener, org.springframework.boot.test.autoconfigure.web.client.MockRestServiceServerResetTestExecutionListener, org.springframework.boot.test.autoconfigure.web.servlet.MockMvcPrintOnlyOnFailureTestExecutionListener, org.springframework.boot.test.autoconfigure.web.servlet.WebDriverTestExecutionListener, org.springframework.boot.test.autoconfigure.webservices.client.MockWebServiceServerTestExecutionListener, org.springframework.boot.test.mock.mockito.MockitoTestExecutionListener, org.springframework.boot.test.mock.mockito.ResetMocksTestExecutionListener, org.springframework.test.context.web.ServletTestExecutionListener, org.springframework.test.context.support.DirtiesContextBeforeModesTestExecutionListener, org.springframework.test.context.event.ApplicationEventsTestExecutionListener, org.springframework.test.context.support.DependencyInjectionTestExecutionListener, org.springframework.test.context.support.DirtiesContextTestExecutionListener, org.springframework.test.context.transaction.TransactionalTestExecutionListener, org.springframework.test.context.jdbc.SqlScriptsTestExecutionListener, org.springframework.test.context.event.EventPublishingTestExecutionListener]
12:42:34.416 [Test worker] INFO org.springframework.boot.test.context.SpringBootTestContextBootstrapper - Using TestExecutionListeners: [org.springframework.test.context.web.ServletTestExecutionListener@1fb15bfc, org.springframework.test.context.support.DirtiesContextBeforeModesTestExecutionListener@60fb6aa6, org.springframework.test.context.event.ApplicationEventsTestExecutionListener@4ab519e5, org.springframework.boot.test.mock.mockito.MockitoTestExecutionListener@7d430746, org.springframework.boot.test.autoconfigure.SpringBootDependencyInjectionTestExecutionListener@68b8dda9, org.springframework.test.context.support.DirtiesContextTestExecutionListener@532d3442, org.springframework.test.context.transaction.TransactionalTestExecutionListener@31b565f3, org.springframework.test.context.jdbc.SqlScriptsTestExecutionListener@54a92db4, org.springframework.test.context.event.EventPublishingTestExecutionListener@7ad2e71d, org.springframework.boot.test.autoconfigure.restdocs.RestDocsTestExecutionListener@40e74321, org.springframework.boot.test.autoconfigure.web.client.MockRestServiceServerResetTestExecutionListener@5ae73c33, org.springframework.boot.test.autoconfigure.web.servlet.MockMvcPrintOnlyOnFailureTestExecutionListener@473e7e56, org.springframework.boot.test.autoconfigure.web.servlet.WebDriverTestExecutionListener@2a3993a3, org.springframework.boot.test.autoconfigure.webservices.client.MockWebServiceServerTestExecutionListener@503d338e, org.springframework.boot.test.mock.mockito.ResetMocksTestExecutionListener@33589b1e]
12:42:34.424 [Test worker] DEBUG org.springframework.test.context.support.AbstractDirtiesContextTestExecutionListener - Before test class: context [DefaultTestContext@2ad1803e testClass = LoadInitData, testInstance = [null], testMethod = [null], testException = [null], mergedContextConfiguration = [WebMergedContextConfiguration@567f675d testClass = LoadInitData, locations = '{}', classes = '{class backend.workshop.BravoApp}', contextInitializerClasses = '[]', activeProfiles = '{}', propertySourceLocations = '{}', propertySourceProperties = '{org.springframework.boot.test.context.SpringBootTestContextBootstrapper=true}', contextCustomizers = set[org.springframework.boot.test.autoconfigure.actuate.metrics.MetricsExportContextCustomizerFactory$DisableMetricExportContextCustomizer@6cec3bb5, org.springframework.boot.test.autoconfigure.properties.PropertyMappingContextCustomizer@0, org.springframework.boot.test.autoconfigure.web.servlet.WebDriverContextCustomizerFactory$Customizer@69cf527, org.springframework.boot.test.context.filter.ExcludeFilterContextCustomizer@6fa21d3d, org.springframework.boot.test.json.DuplicateJsonObjectContextCustomizerFactory$DuplicateJsonObjectContextCustomizer@1a57379d, org.springframework.boot.test.mock.mockito.MockitoContextCustomizer@0, org.springframework.boot.test.web.client.TestRestTemplateContextCustomizer@23a41535, org.springframework.boot.test.context.SpringBootTestArgs@1, org.springframework.boot.test.context.SpringBootTestWebEnvironment@17707cb3], resourceBasePath = 'src/main/webapp', contextLoader = 'org.springframework.boot.test.context.SpringBootContextLoader', parent = [null]], attributes = map['org.springframework.test.context.web.ServletTestExecutionListener.activateListener' -> true]], class annotated with @DirtiesContext [false] with mode [null].

  .   ____          _            __ _ _
 /\\ / ___'_ __ _ _(_)_ __  __ _ \ \ \ \
( ( )\___ | '_ | '_| | '_ \/ _` | \ \ \ \
 \\/  ___)| |_)| | | | | || (_| |  ) ) ) )
  '  |____| .__|_| |_|_| |_\__, | / / / /
 =========|_|==============|___/=/_/_/_/
 :: Spring Boot ::                (v2.6.5)

2022-04-26 12:42:34.855  INFO 23712 --- [    Test worker] backend.workshop.LoadInitData            : Starting LoadInitData using Java 11.0.14.1 on DESKTOP-IS6BJG7 with PID 23712 (started by aramis in C:\Users\arami\Desktop\I Ciclo 2022\Moviles\prueba\backend-app-bravo\backend-app-bravo)
2022-04-26 12:42:34.855  INFO 23712 --- [    Test worker] backend.workshop.LoadInitData            : The following 1 profile is active: "default"
2022-04-26 12:42:35.729  INFO 23712 --- [    Test worker] .s.d.r.c.RepositoryConfigurationDelegate : Bootstrapping Spring Data JPA repositories in DEFAULT mode.
2022-04-26 12:42:35.823  INFO 23712 --- [    Test worker] .s.d.r.c.RepositoryConfigurationDelegate : Finished Spring Data repository scanning in 85 ms. Found 8 JPA repository interfaces.
2022-04-26 12:42:36.543  INFO 23712 --- [    Test worker] o.hibernate.jpa.internal.util.LogHelper  : HHH000204: Processing PersistenceUnitInfo [name: default]
2022-04-26 12:42:36.651  INFO 23712 --- [    Test worker] org.hibernate.Version                    : HHH000412: Hibernate ORM core version 5.6.7.Final
2022-04-26 12:42:36.924  INFO 23712 --- [    Test worker] o.hibernate.annotations.common.Version   : HCANN000001: Hibernate Commons Annotations {5.1.2.Final}
2022-04-26 12:42:37.085  INFO 23712 --- [    Test worker] com.zaxxer.hikari.HikariDataSource       : HikariPool-1 - Starting...
2022-04-26 12:42:37.282  INFO 23712 --- [    Test worker] com.zaxxer.hikari.HikariDataSource       : HikariPool-1 - Start completed.
2022-04-26 12:42:37.301  INFO 23712 --- [    Test worker] org.hibernate.dialect.Dialect            : HHH000400: Using dialect: org.hibernate.dialect.PostgreSQLDialect
Hibernate: alter table client_vehicle drop constraint FKco5uxrcmgy73iqhi1sy0qooe
Hibernate: alter table client_vehicle drop constraint FKcsc7wy1id75n76997u822rbga
Hibernate: alter table report drop constraint FKqarlq4giti1m00opijlrn8ch0
Hibernate: alter table report drop constraint FKn9krnhmsnlqxvtdomtwaeka1b
Hibernate: alter table report drop constraint FKbhx4915b5kpmovy0hvx2o1xv
Hibernate: alter table report_services drop constraint FKi4i4d7p0yjkofuhsbeebonqac
Hibernate: alter table report_services drop constraint FK2rdb0gg7sbuurswa5p1crj0mv
Hibernate: alter table role_privilege drop constraint FKdkwbrwb5r8h74m1v7dqmhp99c
Hibernate: alter table role_privilege drop constraint FKsykrtrdngu5iexmbti7lu9xa
Hibernate: alter table technician drop constraint FKnxerfu3dpwim5li2bcfi3xsnr
Hibernate: alter table user_role drop constraint FKa68196081fvovjhkek5m97n3y
Hibernate: alter table user_role drop constraint FKj345gk1bovqvfame88rcx7yyx
Hibernate: drop table if exists client cascade
Hibernate: drop table if exists client_vehicle cascade
Hibernate: drop table if exists privilege cascade
Hibernate: drop table if exists report cascade
Hibernate: drop table if exists report_services cascade
Hibernate: drop table if exists role cascade
Hibernate: drop table if exists role_privilege cascade
Hibernate: drop table if exists service cascade
Hibernate: drop table if exists technician cascade
Hibernate: drop table if exists user_role cascade
Hibernate: drop table if exists users cascade
Hibernate: drop table if exists vehicle cascade
Hibernate: drop sequence if exists hibernate_sequence
Hibernate: create sequence hibernate_sequence start 1 increment 1
Hibernate: create table client (id int8 not null, email varchar(255), name varchar(255), telephone int4 not null, primary key (id))
Hibernate: create table client_vehicle (client_id int8 not null, vehicle_id int8 not null)
Hibernate: create table privilege (id int8 not null, name varchar(255), primary key (id))
Hibernate: create table report (id int8 not null, creation_date date, description varchar(255), client_id int8 not null, technician_id int8 not null, vehicle_id int8 not null, primary key (id))
Hibernate: create table report_services (report_id int8 not null, service_id int4 not null)
Hibernate: create table role (id int8 not null, name varchar(255), primary key (id))
Hibernate: create table role_privilege (role_id int8 not null, privilege_id int8 not null, primary key (role_id, privilege_id))
Hibernate: create table service (id int4 not null, observations varchar(255), state int4, primary key (id))
Hibernate: create table technician (id int8 not null, user_id int8, primary key (id))
Hibernate: create table user_role (user_id int8 not null, role_id int8 not null, primary key (user_id, role_id))
Hibernate: create table users (id int8 not null, create_date timestamp, email varchar(255), enabled boolean, first_name varchar(255), last_name varchar(255), password varchar(255), token_expired boolean, primary key (id))
Hibernate: create table vehicle (id int8 not null, brand varchar(255), motor_serial varchar(255), motor_type varchar(255), plate_number varchar(255), vehicle_class varchar(255), vin_number varchar(255), primary key (id))
Hibernate: alter table client_vehicle add constraint FKco5uxrcmgy73iqhi1sy0qooe foreign key (vehicle_id) references vehicle
Hibernate: alter table client_vehicle add constraint FKcsc7wy1id75n76997u822rbga foreign key (client_id) references client
Hibernate: alter table report add constraint FKqarlq4giti1m00opijlrn8ch0 foreign key (client_id) references client
Hibernate: alter table report add constraint FKn9krnhmsnlqxvtdomtwaeka1b foreign key (technician_id) references technician
Hibernate: alter table report add constraint FKbhx4915b5kpmovy0hvx2o1xv foreign key (vehicle_id) references vehicle
Hibernate: alter table report_services add constraint FKi4i4d7p0yjkofuhsbeebonqac foreign key (service_id) references service
Hibernate: alter table report_services add constraint FK2rdb0gg7sbuurswa5p1crj0mv foreign key (report_id) references report
Hibernate: alter table role_privilege add constraint FKdkwbrwb5r8h74m1v7dqmhp99c foreign key (privilege_id) references privilege
Hibernate: alter table role_privilege add constraint FKsykrtrdngu5iexmbti7lu9xa foreign key (role_id) references role
Hibernate: alter table technician add constraint FKnxerfu3dpwim5li2bcfi3xsnr foreign key (user_id) references users
Hibernate: alter table user_role add constraint FKa68196081fvovjhkek5m97n3y foreign key (role_id) references role
Hibernate: alter table user_role add constraint FKj345gk1bovqvfame88rcx7yyx foreign key (user_id) references users
2022-04-26 12:42:38.052  INFO 23712 --- [    Test worker] o.h.e.t.j.p.i.JtaPlatformInitiator       : HHH000490: Using JtaPlatform implementation: [org.hibernate.engine.transaction.jta.platform.internal.NoJtaPlatform]
2022-04-26 12:42:38.060  INFO 23712 --- [    Test worker] j.LocalContainerEntityManagerFactoryBean : Initialized JPA EntityManagerFactory for persistence unit 'default'
2022-04-26 12:42:38.311  WARN 23712 --- [    Test worker] JpaBaseConfiguration$JpaWebConfiguration : spring.jpa.open-in-view is enabled by default. Therefore, database queries may be performed during view rendering. Explicitly configure spring.jpa.open-in-view to disable this warning
2022-04-26 12:42:39.728  INFO 23712 --- [    Test worker] backend.workshop.LoadInitData            : Started LoadInitData in 5.261 seconds (JVM running for 7.021)
Hibernate: select user0_.id as id1_10_, user0_.create_date as create_d2_10_, user0_.email as email3_10_, user0_.enabled as enabled4_10_, user0_.first_name as first_na5_10_, user0_.last_name as last_nam6_10_, user0_.password as password7_10_, user0_.token_expired as token_ex8_10_ from users user0_
]]></system-out>
  <system-err><![CDATA[]]></system-err>
</testsuite>
