<?xml version="1.0" encoding="UTF-8"?>
<testsuite name="backend.workshop.BravoAppApplicationTests" tests="1" skipped="0" failures="0" errors="0" timestamp="2022-05-03T01:58:23" hostname="DESKTOP-II7N2NK" time="1.02">
  <properties/>
  <testcase name="contextLoads()" classname="backend.workshop.BravoAppApplicationTests" time="1.02"/>
  <system-out><![CDATA[19:57:53.008 [Test worker] DEBUG org.springframework.test.context.BootstrapUtils - Instantiating CacheAwareContextLoaderDelegate from class [org.springframework.test.context.cache.DefaultCacheAwareContextLoaderDelegate]
19:57:53.079 [Test worker] DEBUG org.springframework.test.context.BootstrapUtils - Instantiating BootstrapContext using constructor [public org.springframework.test.context.support.DefaultBootstrapContext(java.lang.Class,org.springframework.test.context.CacheAwareContextLoaderDelegate)]
19:57:53.247 [Test worker] DEBUG org.springframework.test.context.BootstrapUtils - Instantiating TestContextBootstrapper for test class [backend.workshop.BravoAppApplicationTests] from class [org.springframework.boot.test.context.SpringBootTestContextBootstrapper]
19:57:53.301 [Test worker] INFO org.springframework.boot.test.context.SpringBootTestContextBootstrapper - Neither @ContextConfiguration nor @ContextHierarchy found for test class [backend.workshop.BravoAppApplicationTests], using SpringBootContextLoader
19:57:53.319 [Test worker] DEBUG org.springframework.test.context.support.AbstractContextLoader - Did not detect default resource location for test class [backend.workshop.BravoAppApplicationTests]: class path resource [backend/workshop/BravoAppApplicationTests-context.xml] does not exist
19:57:53.321 [Test worker] DEBUG org.springframework.test.context.support.AbstractContextLoader - Did not detect default resource location for test class [backend.workshop.BravoAppApplicationTests]: class path resource [backend/workshop/BravoAppApplicationTestsContext.groovy] does not exist
19:57:53.322 [Test worker] INFO org.springframework.test.context.support.AbstractContextLoader - Could not detect default resource locations for test class [backend.workshop.BravoAppApplicationTests]: no resource found for suffixes {-context.xml, Context.groovy}.
19:57:53.327 [Test worker] INFO org.springframework.test.context.support.AnnotationConfigContextLoaderUtils - Could not detect default configuration classes for test class [backend.workshop.BravoAppApplicationTests]: BravoAppApplicationTests does not declare any static, non-private, non-final, nested classes annotated with @Configuration.
19:57:53.509 [Test worker] DEBUG org.springframework.test.context.support.ActiveProfilesUtils - Could not find an 'annotation declaring class' for annotation type [org.springframework.test.context.ActiveProfiles] and class [backend.workshop.BravoAppApplicationTests]
19:57:53.899 [Test worker] DEBUG org.springframework.context.annotation.ClassPathScanningCandidateComponentProvider - Identified candidate component class: file [C:\Users\Bong\Documents\PROYECTOS\backend-app-bravo\backend-app-bravo\build\classes\kotlin\main\backend\workshop\BravoApp.class]
19:57:53.952 [Test worker] INFO org.springframework.boot.test.context.SpringBootTestContextBootstrapper - Found @SpringBootConfiguration backend.workshop.BravoApp for test class backend.workshop.BravoAppApplicationTests
19:57:54.448 [Test worker] DEBUG org.springframework.boot.test.context.SpringBootTestContextBootstrapper - @TestExecutionListeners is not present for class [backend.workshop.BravoAppApplicationTests]: using defaults.
19:57:54.450 [Test worker] INFO org.springframework.boot.test.context.SpringBootTestContextBootstrapper - Loaded default TestExecutionListener class names from location [META-INF/spring.factories]: [org.springframework.boot.test.autoconfigure.restdocs.RestDocsTestExecutionListener, org.springframework.boot.test.autoconfigure.web.client.MockRestServiceServerResetTestExecutionListener, org.springframework.boot.test.autoconfigure.web.servlet.MockMvcPrintOnlyOnFailureTestExecutionListener, org.springframework.boot.test.autoconfigure.web.servlet.WebDriverTestExecutionListener, org.springframework.boot.test.autoconfigure.webservices.client.MockWebServiceServerTestExecutionListener, org.springframework.boot.test.mock.mockito.MockitoTestExecutionListener, org.springframework.boot.test.mock.mockito.ResetMocksTestExecutionListener, org.springframework.test.context.web.ServletTestExecutionListener, org.springframework.test.context.support.DirtiesContextBeforeModesTestExecutionListener, org.springframework.test.context.event.ApplicationEventsTestExecutionListener, org.springframework.test.context.support.DependencyInjectionTestExecutionListener, org.springframework.test.context.support.DirtiesContextTestExecutionListener, org.springframework.test.context.transaction.TransactionalTestExecutionListener, org.springframework.test.context.jdbc.SqlScriptsTestExecutionListener, org.springframework.test.context.event.EventPublishingTestExecutionListener]
19:57:54.534 [Test worker] INFO org.springframework.boot.test.context.SpringBootTestContextBootstrapper - Using TestExecutionListeners: [org.springframework.test.context.web.ServletTestExecutionListener@78bab219, org.springframework.test.context.support.DirtiesContextBeforeModesTestExecutionListener@1e1dc25f, org.springframework.test.context.event.ApplicationEventsTestExecutionListener@2745aaaf, org.springframework.boot.test.mock.mockito.MockitoTestExecutionListener@19651f8c, org.springframework.boot.test.autoconfigure.SpringBootDependencyInjectionTestExecutionListener@34624cc3, org.springframework.test.context.support.DirtiesContextTestExecutionListener@441d7f2a, org.springframework.test.context.transaction.TransactionalTestExecutionListener@4e07b5d4, org.springframework.test.context.jdbc.SqlScriptsTestExecutionListener@7faf5ae7, org.springframework.test.context.event.EventPublishingTestExecutionListener@598d0585, org.springframework.boot.test.autoconfigure.restdocs.RestDocsTestExecutionListener@76c6c5b1, org.springframework.boot.test.autoconfigure.web.client.MockRestServiceServerResetTestExecutionListener@51c67a8, org.springframework.boot.test.autoconfigure.web.servlet.MockMvcPrintOnlyOnFailureTestExecutionListener@616d8e, org.springframework.boot.test.autoconfigure.web.servlet.WebDriverTestExecutionListener@31f1f12a, org.springframework.boot.test.autoconfigure.webservices.client.MockWebServiceServerTestExecutionListener@71da41e8, org.springframework.boot.test.mock.mockito.ResetMocksTestExecutionListener@179d495c]
19:57:54.551 [Test worker] DEBUG org.springframework.test.context.support.AbstractDirtiesContextTestExecutionListener - Before test class: context [DefaultTestContext@3602ab56 testClass = BravoAppApplicationTests, testInstance = [null], testMethod = [null], testException = [null], mergedContextConfiguration = [WebMergedContextConfiguration@e659783 testClass = BravoAppApplicationTests, locations = '{}', classes = '{class backend.workshop.BravoApp}', contextInitializerClasses = '[]', activeProfiles = '{}', propertySourceLocations = '{}', propertySourceProperties = '{org.springframework.boot.test.context.SpringBootTestContextBootstrapper=true}', contextCustomizers = set[org.springframework.boot.test.autoconfigure.actuate.metrics.MetricsExportContextCustomizerFactory$DisableMetricExportContextCustomizer@556845d2, org.springframework.boot.test.autoconfigure.properties.PropertyMappingContextCustomizer@0, org.springframework.boot.test.autoconfigure.web.servlet.WebDriverContextCustomizerFactory$Customizer@1c2c80e0, org.springframework.boot.test.context.filter.ExcludeFilterContextCustomizer@28c43b97, org.springframework.boot.test.json.DuplicateJsonObjectContextCustomizerFactory$DuplicateJsonObjectContextCustomizer@7ba35a4, org.springframework.boot.test.mock.mockito.MockitoContextCustomizer@0, org.springframework.boot.test.web.client.TestRestTemplateContextCustomizer@2dfc86bf, org.springframework.boot.test.context.SpringBootTestArgs@1, org.springframework.boot.test.context.SpringBootTestWebEnvironment@40ae38d3], resourceBasePath = 'src/main/webapp', contextLoader = 'org.springframework.boot.test.context.SpringBootContextLoader', parent = [null]], attributes = map['org.springframework.test.context.web.ServletTestExecutionListener.activateListener' -> true]], class annotated with @DirtiesContext [false] with mode [null].

  .   ____          _            __ _ _
 /\\ / ___'_ __ _ _(_)_ __  __ _ \ \ \ \
( ( )\___ | '_ | '_| | '_ \/ _` | \ \ \ \
 \\/  ___)| |_)| | | | | || (_| |  ) ) ) )
  '  |____| .__|_| |_|_| |_\__, | / / / /
 =========|_|==============|___/=/_/_/_/
 :: Spring Boot ::                (v2.6.5)

2022-05-02 19:57:56.482  INFO 10820 --- [    Test worker] b.workshop.BravoAppApplicationTests      : Starting BravoAppApplicationTests using Java 11.0.15 on DESKTOP-II7N2NK with PID 10820 (started by Bong in C:\Users\Bong\Documents\PROYECTOS\backend-app-bravo\backend-app-bravo)
2022-05-02 19:57:56.496  INFO 10820 --- [    Test worker] b.workshop.BravoAppApplicationTests      : The following 1 profile is active: "default"
2022-05-02 19:58:02.075  INFO 10820 --- [    Test worker] .s.d.r.c.RepositoryConfigurationDelegate : Bootstrapping Spring Data JPA repositories in DEFAULT mode.
2022-05-02 19:58:02.566  INFO 10820 --- [    Test worker] .s.d.r.c.RepositoryConfigurationDelegate : Finished Spring Data repository scanning in 420 ms. Found 8 JPA repository interfaces.
2022-05-02 19:58:06.218  INFO 10820 --- [    Test worker] o.hibernate.jpa.internal.util.LogHelper  : HHH000204: Processing PersistenceUnitInfo [name: default]
2022-05-02 19:58:06.615  INFO 10820 --- [    Test worker] org.hibernate.Version                    : HHH000412: Hibernate ORM core version 5.6.7.Final
2022-05-02 19:58:08.440  INFO 10820 --- [    Test worker] o.hibernate.annotations.common.Version   : HCANN000001: Hibernate Commons Annotations {5.1.2.Final}
2022-05-02 19:58:09.438  INFO 10820 --- [    Test worker] com.zaxxer.hikari.HikariDataSource       : HikariPool-1 - Starting...
2022-05-02 19:58:10.455  INFO 10820 --- [    Test worker] com.zaxxer.hikari.HikariDataSource       : HikariPool-1 - Start completed.
2022-05-02 19:58:10.587  INFO 10820 --- [    Test worker] org.hibernate.dialect.Dialect            : HHH000400: Using dialect: org.hibernate.dialect.PostgreSQLDialect
Hibernate: alter table client_vehicle drop constraint FKco5uxrcmgy73iqhi1sy0qooe
Hibernate: alter table client_vehicle drop constraint FKcsc7wy1id75n76997u822rbga
Hibernate: alter table report drop constraint FKqarlq4giti1m00opijlrn8ch0
Hibernate: alter table report drop constraint FKn9krnhmsnlqxvtdomtwaeka1b
Hibernate: alter table report drop constraint FKbhx4915b5kpmovy0hvx2o1xv
Hibernate: alter table report_services drop constraint FKi4i4d7p0yjkofuhsbeebonqac
Hibernate: alter table report_services drop constraint FK2rdb0gg7sbuurswa5p1crj0mv
Hibernate: alter table role_privilege drop constraint FKdkwbrwb5r8h74m1v7dqmhp99c
Hibernate: alter table role_privilege drop constraint FKsykrtrdngu5iexmbti7lu9xa
Hibernate: alter table technician drop constraint FKnxerfu3dpwim5li2bcfi3xsnr
Hibernate: alter table user_role drop constraint FKa68196081fvovjhkek5m97n3y
Hibernate: alter table user_role drop constraint FKj345gk1bovqvfame88rcx7yyx
Hibernate: drop table if exists client cascade
Hibernate: drop table if exists client_vehicle cascade
Hibernate: drop table if exists privilege cascade
Hibernate: drop table if exists report cascade
Hibernate: drop table if exists report_services cascade
Hibernate: drop table if exists role cascade
Hibernate: drop table if exists role_privilege cascade
Hibernate: drop table if exists service cascade
Hibernate: drop table if exists technician cascade
Hibernate: drop table if exists user_role cascade
Hibernate: drop table if exists users cascade
Hibernate: drop table if exists vehicle cascade
Hibernate: drop sequence if exists hibernate_sequence
Hibernate: create sequence hibernate_sequence start 1 increment 1
Hibernate: create table client (id int8 not null, email varchar(255), name varchar(255), telephone int4 not null, primary key (id))
Hibernate: create table client_vehicle (client_id int8 not null, vehicle_id int8 not null)
Hibernate: create table privilege (id int8 not null, name varchar(255), primary key (id))
Hibernate: create table report (id int8 not null, creation_date date, description varchar(255), client_id int8 not null, technician_id int8 not null, vehicle_id int8 not null, primary key (id))
Hibernate: create table report_services (report_id int8 not null, service_id int4 not null)
Hibernate: create table role (id int8 not null, name varchar(255), primary key (id))
Hibernate: create table role_privilege (role_id int8 not null, privilege_id int8 not null, primary key (role_id, privilege_id))
Hibernate: create table service (id int4 not null, observations varchar(255), state int4, primary key (id))
Hibernate: create table technician (id int8 not null, user_id int8, primary key (id))
Hibernate: create table user_role (user_id int8 not null, role_id int8 not null, primary key (user_id, role_id))
Hibernate: create table users (id int8 not null, create_date timestamp, email varchar(255), enabled boolean, first_name varchar(255), last_name varchar(255), password varchar(255), token_expired boolean, primary key (id))
Hibernate: create table vehicle (id int8 not null, brand varchar(255), motor_serial varchar(255), motor_type varchar(255), plate_number varchar(255), vehicle_class varchar(255), vin_number varchar(255), primary key (id))
Hibernate: alter table client_vehicle add constraint FKco5uxrcmgy73iqhi1sy0qooe foreign key (vehicle_id) references vehicle
Hibernate: alter table client_vehicle add constraint FKcsc7wy1id75n76997u822rbga foreign key (client_id) references client
Hibernate: alter table report add constraint FKqarlq4giti1m00opijlrn8ch0 foreign key (client_id) references client
Hibernate: alter table report add constraint FKn9krnhmsnlqxvtdomtwaeka1b foreign key (technician_id) references technician
Hibernate: alter table report add constraint FKbhx4915b5kpmovy0hvx2o1xv foreign key (vehicle_id) references vehicle
Hibernate: alter table report_services add constraint FKi4i4d7p0yjkofuhsbeebonqac foreign key (service_id) references service
Hibernate: alter table report_services add constraint FK2rdb0gg7sbuurswa5p1crj0mv foreign key (report_id) references report
Hibernate: alter table role_privilege add constraint FKdkwbrwb5r8h74m1v7dqmhp99c foreign key (privilege_id) references privilege
Hibernate: alter table role_privilege add constraint FKsykrtrdngu5iexmbti7lu9xa foreign key (role_id) references role
Hibernate: alter table technician add constraint FKnxerfu3dpwim5li2bcfi3xsnr foreign key (user_id) references users
Hibernate: alter table user_role add constraint FKa68196081fvovjhkek5m97n3y foreign key (role_id) references role
Hibernate: alter table user_role add constraint FKj345gk1bovqvfame88rcx7yyx foreign key (user_id) references users
2022-05-02 19:58:14.241  INFO 10820 --- [    Test worker] o.h.e.t.j.p.i.JtaPlatformInitiator       : HHH000490: Using JtaPlatform implementation: [org.hibernate.engine.transaction.jta.platform.internal.NoJtaPlatform]
2022-05-02 19:58:14.293  INFO 10820 --- [    Test worker] j.LocalContainerEntityManagerFactoryBean : Initialized JPA EntityManagerFactory for persistence unit 'default'
2022-05-02 19:58:15.734  WARN 10820 --- [    Test worker] JpaBaseConfiguration$JpaWebConfiguration : spring.jpa.open-in-view is enabled by default. Therefore, database queries may be performed during view rendering. Explicitly configure spring.jpa.open-in-view to disable this warning
2022-05-02 19:58:23.404  INFO 10820 --- [    Test worker] b.workshop.BravoAppApplicationTests      : Started BravoAppApplicationTests in 28.675 seconds (JVM running for 35.727)
]]></system-out>
  <system-err><![CDATA[]]></system-err>
</testsuite>
